<?xml version="1.0" encoding="UTF-8"?>
<testsuite xmlns:xsi="http://www.w3.org/2001/XMLSchema-instance" xsi:schemaLocation="https://maven.apache.org/surefire/maven-surefire-plugin/xsd/surefire-test-report.xsd" name="nl.rug.proof.structure.PremiseTest" time="0.009" tests="5" errors="0" skipped="0" failures="0">
  <properties>
[...]
</properties>
  <testcase name="testMultipleInitialPremises" classname="nl.rug.proof.structure.PremiseTest" time="0"/>
  <testcase name="testSingleInitialPremise" classname="nl.rug.proof.structure.PremiseTest" time="0.001"/>
  <testcase name="testNoInitialPremise" classname="nl.rug.proof.structure.PremiseTest" time="0.001"/>
  <testcase name="testMultipleSubproofPremisesWrong" classname="nl.rug.proof.structure.PremiseTest" time="0.003"/>
  <testcase name="testSingleSubproofPremise" classname="nl.rug.proof.structure.PremiseTest" time="0.001"/>
</testsuite>